Сборка начата 28.12.2023 0:58:43.
Уровень детализации журнала: Normal.     1>Проект "C:\Users\256bit.by\Desktop\OPI project\KOISoftware\modulNikita\modullearn\modullearn.vcxproj" в узле 2 (целевые объекты Build).
     1>InitializeBuildStatus:
         Создание "x64\Debug\modullearn.tlog\unsuccessfulbuild", так как было задано "AlwaysCreate".
         Обращение к "x64\Debug\modullearn.tlog\unsuccessfulbuild".
       ClCompile:
         C:\Program Files\Microsoft Visual Studio\2022\Community\VC\Tools\MSVC\14.37.32822\bin\HostX64\x64\CL.exe /c /ZI /JMC /nologo /W3 /WX- /diagnostics:column /sdl /Od /D _DEBUG /D _CONSOLE /D _UNICODE /D UNICODE /Gm- /EHsc /RTC1 /MDd /GS /fp:precise /Zc:wchar_t /Zc:forScope /Zc:inline /permissive- /Fo"x64\Debug\\" /Fd"x64\Debug\vc143.pdb" /external:W3 /Gd /TP /FC /errorReport:prompt modullearn.cpp
         modullearn.cpp
     1>C:\Users\256bit.by\Desktop\OPI project\KOISoftware\modulNikita\modullearn\modullearn.cpp(7,20): warning C4101: cycle: неиспользованная локальная переменная
     1>C:\Users\256bit.by\Desktop\OPI project\KOISoftware\modulNikita\modullearn\modullearn.cpp(7,14): warning C4101: exit: неиспользованная локальная переменная
       Link:
         C:\Program Files\Microsoft Visual Studio\2022\Community\VC\Tools\MSVC\14.37.32822\bin\HostX64\x64\link.exe /ERRORREPORT:PROMPT /OUT:"C:\Users\256bit.by\Desktop\OPI project\KOISoftware\modulNikita\modullearn\x64\Debug\modullearn.exe" /INCREMENTAL /ILK:"x64\Debug\modullearn.ilk" /NOLOGO kernel32.lib user32.lib gdi32.lib winspool.lib comdlg32.lib advapi32.lib shell32.lib ole32.lib oleaut32.lib uuid.lib odbc32.lib odbccp32.lib /MANIFEST /MANIFESTUAC:"level='asInvoker' uiAccess='false'" /manifest:embed /DEBUG /PDB:"C:\Users\256bit.by\Desktop\OPI project\KOISoftware\modulNikita\modullearn\x64\Debug\modullearn.pdb" /SUBSYSTEM:CONSOLE /TLBID:1 /DYNAMICBASE /NXCOMPAT /IMPLIB:"C:\Users\256bit.by\Desktop\OPI project\KOISoftware\modulNikita\modullearn\x64\Debug\modullearn.lib" /MACHINE:X64 x64\Debug\modullearn.obj
         modullearn.vcxproj -> C:\Users\256bit.by\Desktop\OPI project\KOISoftware\modulNikita\modullearn\x64\Debug\modullearn.exe
       FinalizeBuildStatus:
         Файл "x64\Debug\modullearn.tlog\unsuccessfulbuild" удаляется.
         Обращение к "x64\Debug\modullearn.tlog\modullearn.lastbuildstate".
     1>Сборка проекта "C:\Users\256bit.by\Desktop\OPI project\KOISoftware\modulNikita\modullearn\modullearn.vcxproj" завершена (целевые объекты Build).

Сборка успешно завершена.

       "C:\Users\256bit.by\Desktop\OPI project\KOISoftware\modulNikita\modullearn\modullearn.vcxproj" (целевой объект Build ) (1) ->
       (Целевой объект ClCompile) -> 
         C:\Users\256bit.by\Desktop\OPI project\KOISoftware\modulNikita\modullearn\modullearn.cpp(7,20): warning C4101: cycle: неиспользованная локальная переменная
         C:\Users\256bit.by\Desktop\OPI project\KOISoftware\modulNikita\modullearn\modullearn.cpp(7,14): warning C4101: exit: неиспользованная локальная переменная

    Предупреждений: 2
    Ошибок: 0

Прошло времени 00:00:00.63
